[debug] [2020-05-02T04:54:19.115Z] ----------------------------------------------------------------------
[debug] [2020-05-02T04:54:19.117Z] Command:       C:\Program Files\nodejs\node.exe C:\Users\David\AppData\Roaming\npm\node_modules\firebase-tools\lib\bin\firebase.js serve
[debug] [2020-05-02T04:54:19.118Z] CLI Version:   8.2.0
[debug] [2020-05-02T04:54:19.118Z] Platform:      win32
[debug] [2020-05-02T04:54:19.118Z] Node Version:  v12.16.1
[debug] [2020-05-02T04:54:19.119Z] Time:          Sat May 02 2020 05:54:19 GMT+0100 (British Summer Time)
[debug] [2020-05-02T04:54:19.119Z] ----------------------------------------------------------------------
[debug] [2020-05-02T04:54:19.119Z] 
[debug] [2020-05-02T04:54:19.125Z] > command requires scopes: ["email","openid","https://www.googleapis.com/auth/cloudplatformprojects.readonly","https://www.googleapis.com/auth/firebase","https://www.googleapis.com/auth/cloud-platform"]
[debug] [2020-05-02T04:54:19.126Z] > authorizing via signed-in user
[debug] [2020-05-02T04:54:19.126Z] [iam] checking project cs-surf-secrets for permissions ["firebase.projects.get"]
[debug] [2020-05-02T04:54:19.128Z] >>> HTTP REQUEST POST https://cloudresourcemanager.googleapis.com/v1/projects/cs-surf-secrets:testIamPermissions  
 {"permissions":["firebase.projects.get"]}
[debug] [2020-05-02T04:54:20.050Z] <<< HTTP RESPONSE 200 {"content-type":"application/json; charset=UTF-8","vary":"X-Origin, Referer, Origin,Accept-Encoding","date":"Sat, 02 May 2020 04:54:18 GMT","server":"ESF","cache-control":"private","x-xss-protection":"0","x-frame-options":"SAMEORIGIN","x-content-type-options":"nosniff","server-timing":"gfet4t7; dur=636","alt-svc":"h3-Q050=\":443\"; ma=2592000,h3-Q049=\":443\"; ma=2592000,h3-Q048=\":443\"; ma=2592000,h3-Q046=\":443\"; ma=2592000,h3-Q043=\":443\"; ma=2592000,quic=\":443\"; ma=2592000; v=\"46,43\"","accept-ranges":"none","transfer-encoding":"chunked"}
[debug] [2020-05-02T04:54:20.051Z] >>> HTTP REQUEST GET https://firebase.googleapis.com/v1beta1/projects/cs-surf-secrets  
 
[debug] [2020-05-02T04:54:20.438Z] <<< HTTP RESPONSE 200 {"content-type":"application/json; charset=UTF-8","vary":"X-Origin, Referer, Origin,Accept-Encoding","date":"Sat, 02 May 2020 04:54:18 GMT","server":"ESF","cache-control":"private","x-xss-protection":"0","x-frame-options":"SAMEORIGIN","x-content-type-options":"nosniff","alt-svc":"h3-Q050=\":443\"; ma=2592000,h3-Q049=\":443\"; ma=2592000,h3-Q048=\":443\"; ma=2592000,h3-Q046=\":443\"; ma=2592000,h3-Q043=\":443\"; ma=2592000,quic=\":443\"; ma=2592000; v=\"46,43\"","accept-ranges":"none","transfer-encoding":"chunked"}
[info] 
[info] === Serving from 'C:\Users\David\Desktop\Coding\Work\cs-surf-secrets'...
[info] 
[warn] !  Your requested "node" version "8" doesn't match your global version "12"
[info] +  functions: functions emulator started at http://localhost:5000
[info] i  functions: Watching "C:\Users\David\Desktop\Coding\Work\cs-surf-secrets\functions" for Cloud Functions...
[debug] [2020-05-02T04:54:22.485Z] [worker-pool] addWorker(~diagnostic~) 
[debug] [2020-05-02T04:54:22.485Z] [worker-pool] Adding worker with key ~diagnostic~, total=1 
[debug] [2020-05-02T04:54:22.486Z] [worker-pool] submitWork(triggerId=) 
[debug] [2020-05-02T04:54:22.486Z] [worker-~diagnostic~-fea3e9aa-40b1-4605-8116-e319d69932ce]: Assigning socketPath: \\?\pipe\C:\Users\David\Desktop\Coding\Work\cs-surf-secrets\functions\6920 
[debug] [2020-05-02T04:54:22.487Z] [worker-~diagnostic~-fea3e9aa-40b1-4605-8116-e319d69932ce]: BUSY 
[debug] [2020-05-02T04:54:23.125Z] [runtime-status] [6920] Functions runtime initialized. {"cwd":"C:\\Users\\David\\Desktop\\Coding\\Work\\cs-surf-secrets\\functions","node_version":"12.16.1"} 
[debug] [2020-05-02T04:54:23.127Z] [runtime-status] [6920] Disabled runtime features: undefined 
[debug] [2020-05-02T04:54:23.143Z] [runtime-status] [6920] Resolved module firebase-admin {"declared":true,"installed":true,"version":"8.11.0","resolution":"C:\\Users\\David\\Desktop\\Coding\\Work\\cs-surf-secrets\\functions\\node_modules\\firebase-admin\\lib\\index.js"} 
[debug] [2020-05-02T04:54:23.145Z] [runtime-status] [6920] Resolved module firebase-functions {"declared":true,"installed":true,"version":"3.6.1","resolution":"C:\\Users\\David\\Desktop\\Coding\\Work\\cs-surf-secrets\\functions\\node_modules\\firebase-functions\\lib\\index.js"} 
[debug] [2020-05-02T04:54:23.147Z] [runtime-status] [6920] Outgoing network have been stubbed. [{"name":"http","status":"mocked"},{"name":"http","status":"mocked"},{"name":"https","status":"mocked"},{"name":"https","status":"mocked"},{"name":"net","status":"mocked"}] 
[debug] [2020-05-02T04:54:23.206Z] [runtime-status] [6920] Checked functions.config() {"config":{}} 
[debug] [2020-05-02T04:54:23.208Z] [runtime-status] [6920] Resolved module firebase-functions {"declared":true,"installed":true,"version":"3.6.1","resolution":"C:\\Users\\David\\Desktop\\Coding\\Work\\cs-surf-secrets\\functions\\node_modules\\firebase-functions\\lib\\index.js"} 
[debug] [2020-05-02T04:54:23.210Z] [runtime-status] [6920] Resolved module firebase-admin {"declared":true,"installed":true,"version":"8.11.0","resolution":"C:\\Users\\David\\Desktop\\Coding\\Work\\cs-surf-secrets\\functions\\node_modules\\firebase-admin\\lib\\index.js"} 
[debug] [2020-05-02T04:54:23.211Z] [runtime-status] [6920] Resolved module firebase-functions {"declared":true,"installed":true,"version":"3.6.1","resolution":"C:\\Users\\David\\Desktop\\Coding\\Work\\cs-surf-secrets\\functions\\node_modules\\firebase-functions\\lib\\index.js"} 
[debug] [2020-05-02T04:54:23.211Z] [runtime-status] [6920] firebase-admin has been stubbed. {"adminResolution":{"declared":true,"installed":true,"version":"8.11.0","resolution":"C:\\Users\\David\\Desktop\\Coding\\Work\\cs-surf-secrets\\functions\\node_modules\\firebase-admin\\lib\\index.js"}} 
[warn] !  C:\Users\David\Desktop\Coding\Work\cs-surf-secrets\functions\index.js:142
    email = req.body.email,
    ^^^^^^^^^^^^^^^^^^^^^^

SyntaxError: Invalid shorthand property initializer
    at wrapSafe (internal/modules/cjs/loader.js:1072:16)
    at Module._compile (internal/modules/cjs/loader.js:1122:27)
    at Object.Module._extensions..js (internal/modules/cjs/loader.js:1178:10)
    at Module.load (internal/modules/cjs/loader.js:1002:32)
    at Function.Module._load (internal/modules/cjs/loader.js:901:14)
    at Module.require (internal/modules/cjs/loader.js:1044:19)
    at require (internal/modules/cjs/helpers.js:77:18)
    at C:\Users\David\AppData\Roaming\npm\node_modules\firebase-tools\lib\emulator\functionsEmulatorRuntime.js:661:33
    at Generator.next (<anonymous>)
    at fulfilled (C:\Users\David\AppData\Roaming\npm\node_modules\firebase-tools\lib\emulator\functionsEmulatorRuntime.js:5:58)
[warn] !  We were unable to load your functions code. (see above)
[debug] [2020-05-02T04:54:23.257Z] [worker-~diagnostic~-fea3e9aa-40b1-4605-8116-e319d69932ce]: exited 
[debug] [2020-05-02T04:54:23.258Z] [worker-~diagnostic~-fea3e9aa-40b1-4605-8116-e319d69932ce]: FINISHED 
[debug] [2020-05-02T04:56:21.103Z] [work-queue] {"queueLength":1,"workRunningCount":0}
[debug] [2020-05-02T04:56:21.103Z] [work-queue] {"queueLength":0,"workRunningCount":1}
[debug] [2020-05-02T04:56:21.104Z] FirebaseError: No trigger with name api 
[debug] [2020-05-02T04:56:21.104Z] [work-queue] {"queueLength":0,"workRunningCount":0}
[debug] [2020-05-02T04:56:38.046Z] File C:\Users\David\Desktop\Coding\Work\cs-surf-secrets\functions\index.js changed, reloading triggers 
[debug] [2020-05-02T04:56:39.048Z] [worker-pool] Cleaned up workers for ~diagnostic~: 1 --> 0 
[debug] [2020-05-02T04:56:39.055Z] [worker-pool] addWorker(~diagnostic~) 
[debug] [2020-05-02T04:56:39.055Z] [worker-pool] Adding worker with key ~diagnostic~, total=1 
[debug] [2020-05-02T04:56:39.055Z] [worker-pool] submitWork(triggerId=) 
[debug] [2020-05-02T04:56:39.055Z] [worker-~diagnostic~-c4d6e0c8-b099-469d-a569-6e6ee3bfefbf]: Assigning socketPath: \\?\pipe\C:\Users\David\Desktop\Coding\Work\cs-surf-secrets\functions\13392 
[debug] [2020-05-02T04:56:39.056Z] [worker-~diagnostic~-c4d6e0c8-b099-469d-a569-6e6ee3bfefbf]: BUSY 
[debug] [2020-05-02T04:56:39.712Z] [runtime-status] [13392] Functions runtime initialized. {"cwd":"C:\\Users\\David\\Desktop\\Coding\\Work\\cs-surf-secrets\\functions","node_version":"12.16.1"} 
[debug] [2020-05-02T04:56:39.715Z] [runtime-status] [13392] Disabled runtime features: undefined 
[debug] [2020-05-02T04:56:39.724Z] [runtime-status] [13392] Resolved module firebase-admin {"declared":true,"installed":true,"version":"8.11.0","resolution":"C:\\Users\\David\\Desktop\\Coding\\Work\\cs-surf-secrets\\functions\\node_modules\\firebase-admin\\lib\\index.js"} 
[debug] [2020-05-02T04:56:39.732Z] [runtime-status] [13392] Resolved module firebase-functions {"declared":true,"installed":true,"version":"3.6.1","resolution":"C:\\Users\\David\\Desktop\\Coding\\Work\\cs-surf-secrets\\functions\\node_modules\\firebase-functions\\lib\\index.js"} 
[debug] [2020-05-02T04:56:39.737Z] [runtime-status] [13392] Outgoing network have been stubbed. [{"name":"http","status":"mocked"},{"name":"http","status":"mocked"},{"name":"https","status":"mocked"},{"name":"https","status":"mocked"},{"name":"net","status":"mocked"}] 
[debug] [2020-05-02T04:56:39.786Z] [runtime-status] [13392] Checked functions.config() {"config":{}} 
[debug] [2020-05-02T04:56:39.787Z] [runtime-status] [13392] Resolved module firebase-functions {"declared":true,"installed":true,"version":"3.6.1","resolution":"C:\\Users\\David\\Desktop\\Coding\\Work\\cs-surf-secrets\\functions\\node_modules\\firebase-functions\\lib\\index.js"} 
[debug] [2020-05-02T04:56:39.788Z] [runtime-status] [13392] Resolved module firebase-admin {"declared":true,"installed":true,"version":"8.11.0","resolution":"C:\\Users\\David\\Desktop\\Coding\\Work\\cs-surf-secrets\\functions\\node_modules\\firebase-admin\\lib\\index.js"} 
[debug] [2020-05-02T04:56:39.788Z] [runtime-status] [13392] Resolved module firebase-functions {"declared":true,"installed":true,"version":"3.6.1","resolution":"C:\\Users\\David\\Desktop\\Coding\\Work\\cs-surf-secrets\\functions\\node_modules\\firebase-functions\\lib\\index.js"} 
[debug] [2020-05-02T04:56:39.788Z] [runtime-status] [13392] firebase-admin has been stubbed. {"adminResolution":{"declared":true,"installed":true,"version":"8.11.0","resolution":"C:\\Users\\David\\Desktop\\Coding\\Work\\cs-surf-secrets\\functions\\node_modules\\firebase-admin\\lib\\index.js"}} 
[warn] !  C:\Users\David\Desktop\Coding\Work\cs-surf-secrets\functions\index.js:142
    email = req.body.email,
    ^^^^^^^^^^^^^^^^^^^^^^

SyntaxError: Invalid shorthand property initializer
    at wrapSafe (internal/modules/cjs/loader.js:1072:16)
    at Module._compile (internal/modules/cjs/loader.js:1122:27)
    at Object.Module._extensions..js (internal/modules/cjs/loader.js:1178:10)
    at Module.load (internal/modules/cjs/loader.js:1002:32)
    at Function.Module._load (internal/modules/cjs/loader.js:901:14)
    at Module.require (internal/modules/cjs/loader.js:1044:19)
    at require (internal/modules/cjs/helpers.js:77:18)
    at C:\Users\David\AppData\Roaming\npm\node_modules\firebase-tools\lib\emulator\functionsEmulatorRuntime.js:661:33
    at Generator.next (<anonymous>)
    at fulfilled (C:\Users\David\AppData\Roaming\npm\node_modules\firebase-tools\lib\emulator\functionsEmulatorRuntime.js:5:58)
[warn] !  We were unable to load your functions code. (see above)
[debug] [2020-05-02T04:56:39.817Z] [worker-~diagnostic~-c4d6e0c8-b099-469d-a569-6e6ee3bfefbf]: exited 
[debug] [2020-05-02T04:56:39.817Z] [worker-~diagnostic~-c4d6e0c8-b099-469d-a569-6e6ee3bfefbf]: FINISHED 
[debug] [2020-05-02T04:57:32.831Z] ----------------------------------------------------------------------
[debug] [2020-05-02T04:57:32.833Z] Command:       C:\Program Files\nodejs\node.exe C:\Users\David\AppData\Roaming\npm\node_modules\firebase-tools\lib\bin\firebase.js serve
[debug] [2020-05-02T04:57:32.833Z] CLI Version:   8.2.0
[debug] [2020-05-02T04:57:32.833Z] Platform:      win32
[debug] [2020-05-02T04:57:32.833Z] Node Version:  v12.16.1
[debug] [2020-05-02T04:57:32.834Z] Time:          Sat May 02 2020 05:57:32 GMT+0100 (British Summer Time)
[debug] [2020-05-02T04:57:32.834Z] ----------------------------------------------------------------------
[debug] [2020-05-02T04:57:32.834Z] 
[debug] [2020-05-02T04:57:32.841Z] > command requires scopes: ["email","openid","https://www.googleapis.com/auth/cloudplatformprojects.readonly","https://www.googleapis.com/auth/firebase","https://www.googleapis.com/auth/cloud-platform"]
[debug] [2020-05-02T04:57:32.841Z] > authorizing via signed-in user
[debug] [2020-05-02T04:57:32.841Z] [iam] checking project cs-surf-secrets for permissions ["firebase.projects.get"]
[debug] [2020-05-02T04:57:32.844Z] >>> HTTP REQUEST POST https://cloudresourcemanager.googleapis.com/v1/projects/cs-surf-secrets:testIamPermissions  
 {"permissions":["firebase.projects.get"]}
[debug] [2020-05-02T04:57:33.662Z] <<< HTTP RESPONSE 200 {"content-type":"application/json; charset=UTF-8","vary":"X-Origin, Referer, Origin,Accept-Encoding","date":"Sat, 02 May 2020 04:57:32 GMT","server":"ESF","cache-control":"private","x-xss-protection":"0","x-frame-options":"SAMEORIGIN","x-content-type-options":"nosniff","server-timing":"gfet4t7; dur=635","alt-svc":"h3-Q050=\":443\"; ma=2592000,h3-Q049=\":443\"; ma=2592000,h3-Q048=\":443\"; ma=2592000,h3-Q046=\":443\"; ma=2592000,h3-Q043=\":443\"; ma=2592000,quic=\":443\"; ma=2592000; v=\"46,43\"","accept-ranges":"none","transfer-encoding":"chunked"}
[debug] [2020-05-02T04:57:33.663Z] >>> HTTP REQUEST GET https://firebase.googleapis.com/v1beta1/projects/cs-surf-secrets  
 
[debug] [2020-05-02T04:57:34.019Z] <<< HTTP RESPONSE 200 {"content-type":"application/json; charset=UTF-8","vary":"X-Origin, Referer, Origin,Accept-Encoding","date":"Sat, 02 May 2020 04:57:32 GMT","server":"ESF","cache-control":"private","x-xss-protection":"0","x-frame-options":"SAMEORIGIN","x-content-type-options":"nosniff","alt-svc":"h3-Q050=\":443\"; ma=2592000,h3-Q049=\":443\"; ma=2592000,h3-Q048=\":443\"; ma=2592000,h3-Q046=\":443\"; ma=2592000,h3-Q043=\":443\"; ma=2592000,quic=\":443\"; ma=2592000; v=\"46,43\"","accept-ranges":"none","transfer-encoding":"chunked"}
[info] 
[info] === Serving from 'C:\Users\David\Desktop\Coding\Work\cs-surf-secrets'...
[info] 
[warn] !  Your requested "node" version "8" doesn't match your global version "12"
[info] +  functions: functions emulator started at http://localhost:5000
[info] i  functions: Watching "C:\Users\David\Desktop\Coding\Work\cs-surf-secrets\functions" for Cloud Functions...
[debug] [2020-05-02T04:57:36.051Z] [worker-pool] addWorker(~diagnostic~) 
[debug] [2020-05-02T04:57:36.051Z] [worker-pool] Adding worker with key ~diagnostic~, total=1 
[debug] [2020-05-02T04:57:36.051Z] [worker-pool] submitWork(triggerId=) 
[debug] [2020-05-02T04:57:36.052Z] [worker-~diagnostic~-f3133479-ec7c-4dab-a1f3-f20a9dbddf23]: Assigning socketPath: \\?\pipe\C:\Users\David\Desktop\Coding\Work\cs-surf-secrets\functions\17880 
[debug] [2020-05-02T04:57:36.052Z] [worker-~diagnostic~-f3133479-ec7c-4dab-a1f3-f20a9dbddf23]: BUSY 
[debug] [2020-05-02T04:57:36.366Z] [runtime-status] [17880] Functions runtime initialized. {"cwd":"C:\\Users\\David\\Desktop\\Coding\\Work\\cs-surf-secrets\\functions","node_version":"12.16.1"} 
[debug] [2020-05-02T04:57:36.368Z] [runtime-status] [17880] Disabled runtime features: undefined 
[debug] [2020-05-02T04:57:36.373Z] [runtime-status] [17880] Resolved module firebase-admin {"declared":true,"installed":true,"version":"8.11.0","resolution":"C:\\Users\\David\\Desktop\\Coding\\Work\\cs-surf-secrets\\functions\\node_modules\\firebase-admin\\lib\\index.js"} 
[debug] [2020-05-02T04:57:36.374Z] [runtime-status] [17880] Resolved module firebase-functions {"declared":true,"installed":true,"version":"3.6.1","resolution":"C:\\Users\\David\\Desktop\\Coding\\Work\\cs-surf-secrets\\functions\\node_modules\\firebase-functions\\lib\\index.js"} 
[debug] [2020-05-02T04:57:36.376Z] [runtime-status] [17880] Outgoing network have been stubbed. [{"name":"http","status":"mocked"},{"name":"http","status":"mocked"},{"name":"https","status":"mocked"},{"name":"https","status":"mocked"},{"name":"net","status":"mocked"}] 
[debug] [2020-05-02T04:57:36.411Z] [runtime-status] [17880] Checked functions.config() {"config":{}} 
[debug] [2020-05-02T04:57:36.411Z] [runtime-status] [17880] Resolved module firebase-functions {"declared":true,"installed":true,"version":"3.6.1","resolution":"C:\\Users\\David\\Desktop\\Coding\\Work\\cs-surf-secrets\\functions\\node_modules\\firebase-functions\\lib\\index.js"} 
[debug] [2020-05-02T04:57:36.412Z] [runtime-status] [17880] Resolved module firebase-admin {"declared":true,"installed":true,"version":"8.11.0","resolution":"C:\\Users\\David\\Desktop\\Coding\\Work\\cs-surf-secrets\\functions\\node_modules\\firebase-admin\\lib\\index.js"} 
[debug] [2020-05-02T04:57:36.413Z] [runtime-status] [17880] Resolved module firebase-functions {"declared":true,"installed":true,"version":"3.6.1","resolution":"C:\\Users\\David\\Desktop\\Coding\\Work\\cs-surf-secrets\\functions\\node_modules\\firebase-functions\\lib\\index.js"} 
[debug] [2020-05-02T04:57:36.413Z] [runtime-status] [17880] firebase-admin has been stubbed. {"adminResolution":{"declared":true,"installed":true,"version":"8.11.0","resolution":"C:\\Users\\David\\Desktop\\Coding\\Work\\cs-surf-secrets\\functions\\node_modules\\firebase-admin\\lib\\index.js"}} 
[warn] !  C:\Users\David\Desktop\Coding\Work\cs-surf-secrets\functions\index.js:142
    email = req.body.email,
    ^^^^^^^^^^^^^^^^^^^^^^

SyntaxError: Invalid shorthand property initializer
    at wrapSafe (internal/modules/cjs/loader.js:1072:16)
    at Module._compile (internal/modules/cjs/loader.js:1122:27)
    at Object.Module._extensions..js (internal/modules/cjs/loader.js:1178:10)
    at Module.load (internal/modules/cjs/loader.js:1002:32)
    at Function.Module._load (internal/modules/cjs/loader.js:901:14)
    at Module.require (internal/modules/cjs/loader.js:1044:19)
    at require (internal/modules/cjs/helpers.js:77:18)
    at C:\Users\David\AppData\Roaming\npm\node_modules\firebase-tools\lib\emulator\functionsEmulatorRuntime.js:661:33
    at Generator.next (<anonymous>)
    at fulfilled (C:\Users\David\AppData\Roaming\npm\node_modules\firebase-tools\lib\emulator\functionsEmulatorRuntime.js:5:58)
[warn] !  We were unable to load your functions code. (see above)
[debug] [2020-05-02T04:57:36.436Z] [worker-~diagnostic~-f3133479-ec7c-4dab-a1f3-f20a9dbddf23]: exited 
[debug] [2020-05-02T04:57:36.436Z] [worker-~diagnostic~-f3133479-ec7c-4dab-a1f3-f20a9dbddf23]: FINISHED 
[debug] [2020-05-02T04:57:46.328Z] [work-queue] {"queueLength":1,"workRunningCount":0}
[debug] [2020-05-02T04:57:46.328Z] [work-queue] {"queueLength":0,"workRunningCount":1}
[debug] [2020-05-02T04:57:46.329Z] FirebaseError: No trigger with name api 
[debug] [2020-05-02T04:57:46.329Z] [work-queue] {"queueLength":0,"workRunningCount":0}
[debug] [2020-05-02T04:59:25.215Z] File C:\Users\David\Desktop\Coding\Work\cs-surf-secrets\functions\index.js changed, reloading triggers 
[debug] [2020-05-02T04:59:26.217Z] [worker-pool] Cleaned up workers for ~diagnostic~: 1 --> 0 
[debug] [2020-05-02T04:59:26.221Z] [worker-pool] addWorker(~diagnostic~) 
[debug] [2020-05-02T04:59:26.221Z] [worker-pool] Adding worker with key ~diagnostic~, total=1 
[debug] [2020-05-02T04:59:26.222Z] [worker-pool] submitWork(triggerId=) 
[debug] [2020-05-02T04:59:26.222Z] [worker-~diagnostic~-acaaa535-bf06-4104-ad72-1ac61ef40b11]: Assigning socketPath: \\?\pipe\C:\Users\David\Desktop\Coding\Work\cs-surf-secrets\functions\11464 
[debug] [2020-05-02T04:59:26.222Z] [worker-~diagnostic~-acaaa535-bf06-4104-ad72-1ac61ef40b11]: BUSY 
[debug] [2020-05-02T04:59:26.255Z] File C:\Users\David\Desktop\Coding\Work\cs-surf-secrets\functions\index.js changed, reloading triggers 
[debug] [2020-05-02T04:59:26.749Z] [runtime-status] [11464] Functions runtime initialized. {"cwd":"C:\\Users\\David\\Desktop\\Coding\\Work\\cs-surf-secrets\\functions","node_version":"12.16.1"} 
[debug] [2020-05-02T04:59:26.751Z] [runtime-status] [11464] Disabled runtime features: undefined 
[debug] [2020-05-02T04:59:26.756Z] [runtime-status] [11464] Resolved module firebase-admin {"declared":true,"installed":true,"version":"8.11.0","resolution":"C:\\Users\\David\\Desktop\\Coding\\Work\\cs-surf-secrets\\functions\\node_modules\\firebase-admin\\lib\\index.js"} 
[debug] [2020-05-02T04:59:26.758Z] [runtime-status] [11464] Resolved module firebase-functions {"declared":true,"installed":true,"version":"3.6.1","resolution":"C:\\Users\\David\\Desktop\\Coding\\Work\\cs-surf-secrets\\functions\\node_modules\\firebase-functions\\lib\\index.js"} 
[debug] [2020-05-02T04:59:26.761Z] [runtime-status] [11464] Outgoing network have been stubbed. [{"name":"http","status":"mocked"},{"name":"http","status":"mocked"},{"name":"https","status":"mocked"},{"name":"https","status":"mocked"},{"name":"net","status":"mocked"}] 
[debug] [2020-05-02T04:59:26.832Z] [runtime-status] [11464] Checked functions.config() {"config":{}} 
[debug] [2020-05-02T04:59:26.833Z] [runtime-status] [11464] Resolved module firebase-functions {"declared":true,"installed":true,"version":"3.6.1","resolution":"C:\\Users\\David\\Desktop\\Coding\\Work\\cs-surf-secrets\\functions\\node_modules\\firebase-functions\\lib\\index.js"} 
[debug] [2020-05-02T04:59:26.835Z] [runtime-status] [11464] Resolved module firebase-admin {"declared":true,"installed":true,"version":"8.11.0","resolution":"C:\\Users\\David\\Desktop\\Coding\\Work\\cs-surf-secrets\\functions\\node_modules\\firebase-admin\\lib\\index.js"} 
[debug] [2020-05-02T04:59:26.835Z] [runtime-status] [11464] Resolved module firebase-functions {"declared":true,"installed":true,"version":"3.6.1","resolution":"C:\\Users\\David\\Desktop\\Coding\\Work\\cs-surf-secrets\\functions\\node_modules\\firebase-functions\\lib\\index.js"} 
[debug] [2020-05-02T04:59:26.836Z] [runtime-status] [11464] firebase-admin has been stubbed. {"adminResolution":{"declared":true,"installed":true,"version":"8.11.0","resolution":"C:\\Users\\David\\Desktop\\Coding\\Work\\cs-surf-secrets\\functions\\node_modules\\firebase-admin\\lib\\index.js"}} 
[warn] !  C:\Users\David\Desktop\Coding\Work\cs-surf-secrets\functions\index.js:142
    email = req.body.email,
    ^^^^^^^^^^^^^^^^^^^^^^

SyntaxError: Invalid shorthand property initializer
    at wrapSafe (internal/modules/cjs/loader.js:1072:16)
    at Module._compile (internal/modules/cjs/loader.js:1122:27)
    at Object.Module._extensions..js (internal/modules/cjs/loader.js:1178:10)
    at Module.load (internal/modules/cjs/loader.js:1002:32)
    at Function.Module._load (internal/modules/cjs/loader.js:901:14)
    at Module.require (internal/modules/cjs/loader.js:1044:19)
    at require (internal/modules/cjs/helpers.js:77:18)
    at C:\Users\David\AppData\Roaming\npm\node_modules\firebase-tools\lib\emulator\functionsEmulatorRuntime.js:661:33
    at Generator.next (<anonymous>)
    at fulfilled (C:\Users\David\AppData\Roaming\npm\node_modules\firebase-tools\lib\emulator\functionsEmulatorRuntime.js:5:58)
[warn] !  We were unable to load your functions code. (see above)
[debug] [2020-05-02T04:59:26.862Z] [worker-~diagnostic~-acaaa535-bf06-4104-ad72-1ac61ef40b11]: exited 
[debug] [2020-05-02T04:59:26.862Z] [worker-~diagnostic~-acaaa535-bf06-4104-ad72-1ac61ef40b11]: FINISHED 
[debug] [2020-05-02T04:59:27.256Z] [worker-pool] Cleaned up workers for ~diagnostic~: 1 --> 0 
[debug] [2020-05-02T04:59:27.260Z] [worker-pool] addWorker(~diagnostic~) 
[debug] [2020-05-02T04:59:27.261Z] [worker-pool] Adding worker with key ~diagnostic~, total=1 
[debug] [2020-05-02T04:59:27.261Z] [worker-pool] submitWork(triggerId=) 
[debug] [2020-05-02T04:59:27.261Z] [worker-~diagnostic~-5e90ca4a-8dca-4c41-97d7-ec19417e10bd]: Assigning socketPath: \\?\pipe\C:\Users\David\Desktop\Coding\Work\cs-surf-secrets\functions\10276 
[debug] [2020-05-02T04:59:27.261Z] [worker-~diagnostic~-5e90ca4a-8dca-4c41-97d7-ec19417e10bd]: BUSY 
[debug] [2020-05-02T04:59:27.835Z] [runtime-status] [10276] Functions runtime initialized. {"cwd":"C:\\Users\\David\\Desktop\\Coding\\Work\\cs-surf-secrets\\functions","node_version":"12.16.1"} 
[debug] [2020-05-02T04:59:27.837Z] [runtime-status] [10276] Disabled runtime features: undefined 
[debug] [2020-05-02T04:59:27.844Z] [runtime-status] [10276] Resolved module firebase-admin {"declared":true,"installed":true,"version":"8.11.0","resolution":"C:\\Users\\David\\Desktop\\Coding\\Work\\cs-surf-secrets\\functions\\node_modules\\firebase-admin\\lib\\index.js"} 
[debug] [2020-05-02T04:59:27.846Z] [runtime-status] [10276] Resolved module firebase-functions {"declared":true,"installed":true,"version":"3.6.1","resolution":"C:\\Users\\David\\Desktop\\Coding\\Work\\cs-surf-secrets\\functions\\node_modules\\firebase-functions\\lib\\index.js"} 
[debug] [2020-05-02T04:59:27.849Z] [runtime-status] [10276] Outgoing network have been stubbed. [{"name":"http","status":"mocked"},{"name":"http","status":"mocked"},{"name":"https","status":"mocked"},{"name":"https","status":"mocked"},{"name":"net","status":"mocked"}] 
[debug] [2020-05-02T04:59:27.900Z] [runtime-status] [10276] Checked functions.config() {"config":{}} 
[debug] [2020-05-02T04:59:27.901Z] [runtime-status] [10276] Resolved module firebase-functions {"declared":true,"installed":true,"version":"3.6.1","resolution":"C:\\Users\\David\\Desktop\\Coding\\Work\\cs-surf-secrets\\functions\\node_modules\\firebase-functions\\lib\\index.js"} 
[debug] [2020-05-02T04:59:27.902Z] [runtime-status] [10276] Resolved module firebase-admin {"declared":true,"installed":true,"version":"8.11.0","resolution":"C:\\Users\\David\\Desktop\\Coding\\Work\\cs-surf-secrets\\functions\\node_modules\\firebase-admin\\lib\\index.js"} 
[debug] [2020-05-02T04:59:27.904Z] [runtime-status] [10276] Resolved module firebase-functions {"declared":true,"installed":true,"version":"3.6.1","resolution":"C:\\Users\\David\\Desktop\\Coding\\Work\\cs-surf-secrets\\functions\\node_modules\\firebase-functions\\lib\\index.js"} 
[debug] [2020-05-02T04:59:27.904Z] [runtime-status] [10276] firebase-admin has been stubbed. {"adminResolution":{"declared":true,"installed":true,"version":"8.11.0","resolution":"C:\\Users\\David\\Desktop\\Coding\\Work\\cs-surf-secrets\\functions\\node_modules\\firebase-admin\\lib\\index.js"}} 
[warn] !  C:\Users\David\Desktop\Coding\Work\cs-surf-secrets\functions\index.js:142
    email = req.body.email,
    ^^^^^^^^^^^^^^^^^^^^^^

SyntaxError: Invalid shorthand property initializer
    at wrapSafe (internal/modules/cjs/loader.js:1072:16)
    at Module._compile (internal/modules/cjs/loader.js:1122:27)
    at Object.Module._extensions..js (internal/modules/cjs/loader.js:1178:10)
    at Module.load (internal/modules/cjs/loader.js:1002:32)
    at Function.Module._load (internal/modules/cjs/loader.js:901:14)
    at Module.require (internal/modules/cjs/loader.js:1044:19)
    at require (internal/modules/cjs/helpers.js:77:18)
    at C:\Users\David\AppData\Roaming\npm\node_modules\firebase-tools\lib\emulator\functionsEmulatorRuntime.js:661:33
    at Generator.next (<anonymous>)
    at fulfilled (C:\Users\David\AppData\Roaming\npm\node_modules\firebase-tools\lib\emulator\functionsEmulatorRuntime.js:5:58)
[warn] !  We were unable to load your functions code. (see above)
[debug] [2020-05-02T04:59:27.932Z] [worker-~diagnostic~-5e90ca4a-8dca-4c41-97d7-ec19417e10bd]: exited 
[debug] [2020-05-02T04:59:27.932Z] [worker-~diagnostic~-5e90ca4a-8dca-4c41-97d7-ec19417e10bd]: FINISHED 
[debug] [2020-05-02T05:00:21.887Z] ----------------------------------------------------------------------
[debug] [2020-05-02T05:00:21.889Z] Command:       C:\Program Files\nodejs\node.exe C:\Users\David\AppData\Roaming\npm\node_modules\firebase-tools\lib\bin\firebase.js serve
[debug] [2020-05-02T05:00:21.889Z] CLI Version:   8.2.0
[debug] [2020-05-02T05:00:21.889Z] Platform:      win32
[debug] [2020-05-02T05:00:21.889Z] Node Version:  v12.16.1
[debug] [2020-05-02T05:00:21.890Z] Time:          Sat May 02 2020 06:00:21 GMT+0100 (British Summer Time)
[debug] [2020-05-02T05:00:21.890Z] ----------------------------------------------------------------------
[debug] [2020-05-02T05:00:21.890Z] 
[debug] [2020-05-02T05:00:21.897Z] > command requires scopes: ["email","openid","https://www.googleapis.com/auth/cloudplatformprojects.readonly","https://www.googleapis.com/auth/firebase","https://www.googleapis.com/auth/cloud-platform"]
[debug] [2020-05-02T05:00:21.898Z] > authorizing via signed-in user
[debug] [2020-05-02T05:00:21.898Z] [iam] checking project cs-surf-secrets for permissions ["firebase.projects.get"]
[debug] [2020-05-02T05:00:21.900Z] >>> HTTP REQUEST POST https://cloudresourcemanager.googleapis.com/v1/projects/cs-surf-secrets:testIamPermissions  
 {"permissions":["firebase.projects.get"]}
[debug] [2020-05-02T05:00:22.754Z] <<< HTTP RESPONSE 200 {"content-type":"application/json; charset=UTF-8","vary":"X-Origin, Referer, Origin,Accept-Encoding","date":"Sat, 02 May 2020 05:00:21 GMT","server":"ESF","cache-control":"private","x-xss-protection":"0","x-frame-options":"SAMEORIGIN","x-content-type-options":"nosniff","server-timing":"gfet4t7; dur=651","alt-svc":"h3-Q050=\":443\"; ma=2592000,h3-Q049=\":443\"; ma=2592000,h3-Q048=\":443\"; ma=2592000,h3-Q046=\":443\"; ma=2592000,h3-Q043=\":443\"; ma=2592000,quic=\":443\"; ma=2592000; v=\"46,43\"","accept-ranges":"none","transfer-encoding":"chunked"}
[debug] [2020-05-02T05:00:22.755Z] >>> HTTP REQUEST GET https://firebase.googleapis.com/v1beta1/projects/cs-surf-secrets  
 
[debug] [2020-05-02T05:00:23.073Z] <<< HTTP RESPONSE 200 {"content-type":"application/json; charset=UTF-8","vary":"X-Origin, Referer, Origin,Accept-Encoding","date":"Sat, 02 May 2020 05:00:21 GMT","server":"ESF","cache-control":"private","x-xss-protection":"0","x-frame-options":"SAMEORIGIN","x-content-type-options":"nosniff","alt-svc":"h3-Q050=\":443\"; ma=2592000,h3-Q049=\":443\"; ma=2592000,h3-Q048=\":443\"; ma=2592000,h3-Q046=\":443\"; ma=2592000,h3-Q043=\":443\"; ma=2592000,quic=\":443\"; ma=2592000; v=\"46,43\"","accept-ranges":"none","transfer-encoding":"chunked"}
[info] 
[info] === Serving from 'C:\Users\David\Desktop\Coding\Work\cs-surf-secrets'...
[info] 
[warn] !  Your requested "node" version "8" doesn't match your global version "12"
[info] +  functions: functions emulator started at http://localhost:5000
[info] i  functions: Watching "C:\Users\David\Desktop\Coding\Work\cs-surf-secrets\functions" for Cloud Functions...
[debug] [2020-05-02T05:00:25.123Z] [worker-pool] addWorker(~diagnostic~) 
[debug] [2020-05-02T05:00:25.124Z] [worker-pool] Adding worker with key ~diagnostic~, total=1 
[debug] [2020-05-02T05:00:25.124Z] [worker-pool] submitWork(triggerId=) 
[debug] [2020-05-02T05:00:25.124Z] [worker-~diagnostic~-8b0f9d7d-e327-4ffc-a7d7-e10b141b950e]: Assigning socketPath: \\?\pipe\C:\Users\David\Desktop\Coding\Work\cs-surf-secrets\functions\13176 
[debug] [2020-05-02T05:00:25.125Z] [worker-~diagnostic~-8b0f9d7d-e327-4ffc-a7d7-e10b141b950e]: BUSY 
[debug] [2020-05-02T05:00:25.698Z] [runtime-status] [13176] Functions runtime initialized. {"cwd":"C:\\Users\\David\\Desktop\\Coding\\Work\\cs-surf-secrets\\functions","node_version":"12.16.1"} 
[debug] [2020-05-02T05:00:25.700Z] [runtime-status] [13176] Disabled runtime features: undefined 
[debug] [2020-05-02T05:00:25.707Z] [runtime-status] [13176] Resolved module firebase-admin {"declared":true,"installed":true,"version":"8.11.0","resolution":"C:\\Users\\David\\Desktop\\Coding\\Work\\cs-surf-secrets\\functions\\node_modules\\firebase-admin\\lib\\index.js"} 
[debug] [2020-05-02T05:00:25.709Z] [runtime-status] [13176] Resolved module firebase-functions {"declared":true,"installed":true,"version":"3.6.1","resolution":"C:\\Users\\David\\Desktop\\Coding\\Work\\cs-surf-secrets\\functions\\node_modules\\firebase-functions\\lib\\index.js"} 
[debug] [2020-05-02T05:00:25.714Z] [runtime-status] [13176] Outgoing network have been stubbed. [{"name":"http","status":"mocked"},{"name":"http","status":"mocked"},{"name":"https","status":"mocked"},{"name":"https","status":"mocked"},{"name":"net","status":"mocked"}] 
[debug] [2020-05-02T05:00:25.767Z] [runtime-status] [13176] Checked functions.config() {"config":{}} 
[debug] [2020-05-02T05:00:25.768Z] [runtime-status] [13176] Resolved module firebase-functions {"declared":true,"installed":true,"version":"3.6.1","resolution":"C:\\Users\\David\\Desktop\\Coding\\Work\\cs-surf-secrets\\functions\\node_modules\\firebase-functions\\lib\\index.js"} 
[debug] [2020-05-02T05:00:25.770Z] [runtime-status] [13176] Resolved module firebase-admin {"declared":true,"installed":true,"version":"8.11.0","resolution":"C:\\Users\\David\\Desktop\\Coding\\Work\\cs-surf-secrets\\functions\\node_modules\\firebase-admin\\lib\\index.js"} 
[debug] [2020-05-02T05:00:25.771Z] [runtime-status] [13176] Resolved module firebase-functions {"declared":true,"installed":true,"version":"3.6.1","resolution":"C:\\Users\\David\\Desktop\\Coding\\Work\\cs-surf-secrets\\functions\\node_modules\\firebase-functions\\lib\\index.js"} 
[debug] [2020-05-02T05:00:25.771Z] [runtime-status] [13176] firebase-admin has been stubbed. {"adminResolution":{"declared":true,"installed":true,"version":"8.11.0","resolution":"C:\\Users\\David\\Desktop\\Coding\\Work\\cs-surf-secrets\\functions\\node_modules\\firebase-admin\\lib\\index.js"}} 
[debug] [2020-05-02T05:00:25.942Z] [runtime-status] [13176] initializeApp(DEFAULT) {"databaseURL":"https://cs-surf-secrets.firebaseio.com","storageBucket":"cs-surf-secrets.appspot.com","projectId":"cs-surf-secrets"} 
[warn] !  functions: The Cloud Firestore emulator is not running, so calls to Firestore will affect production.
[info] +  functions[api]: http function initialized (http://localhost:5000/cs-surf-secrets/europe-west1/api).
[debug] [2020-05-02T05:00:26.665Z] [worker-~diagnostic~-8b0f9d7d-e327-4ffc-a7d7-e10b141b950e]: IDLE 
[debug] [2020-05-02T05:00:42.294Z] [work-queue] {"queueLength":1,"workRunningCount":0}
[debug] [2020-05-02T05:00:42.295Z] [work-queue] {"queueLength":0,"workRunningCount":1}
[debug] [2020-05-02T05:00:42.295Z] Accepted request GET /cs-surf-secrets/us-central1/api/login --> api
[debug] [2020-05-02T05:00:42.300Z] [worker-pool] addWorker(api) 
[debug] [2020-05-02T05:00:42.300Z] [worker-pool] Adding worker with key api, total=1 
[debug] [2020-05-02T05:00:42.300Z] [worker-pool] submitWork(triggerId=api) 
[debug] [2020-05-02T05:00:42.300Z] [worker-api-153ca555-9b9a-4f3c-8cea-d666afa2f993]: Assigning socketPath: \\?\pipe\C:\Users\David\Desktop\Coding\Work\cs-surf-secrets\functions\7976 
[debug] [2020-05-02T05:00:42.301Z] [worker-api-153ca555-9b9a-4f3c-8cea-d666afa2f993]: BUSY 
[debug] [2020-05-02T05:00:42.715Z] [runtime-status] [7976] Functions runtime initialized. {"cwd":"C:\\Users\\David\\Desktop\\Coding\\Work\\cs-surf-secrets\\functions","node_version":"12.16.1"} 
[debug] [2020-05-02T05:00:42.717Z] [runtime-status] [7976] Disabled runtime features: undefined 
[debug] [2020-05-02T05:00:42.724Z] [runtime-status] [7976] Resolved module firebase-admin {"declared":true,"installed":true,"version":"8.11.0","resolution":"C:\\Users\\David\\Desktop\\Coding\\Work\\cs-surf-secrets\\functions\\node_modules\\firebase-admin\\lib\\index.js"} 
[debug] [2020-05-02T05:00:42.727Z] [runtime-status] [7976] Resolved module firebase-functions {"declared":true,"installed":true,"version":"3.6.1","resolution":"C:\\Users\\David\\Desktop\\Coding\\Work\\cs-surf-secrets\\functions\\node_modules\\firebase-functions\\lib\\index.js"} 
[debug] [2020-05-02T05:00:42.730Z] [runtime-status] [7976] Outgoing network have been stubbed. [{"name":"http","status":"mocked"},{"name":"http","status":"mocked"},{"name":"https","status":"mocked"},{"name":"https","status":"mocked"},{"name":"net","status":"mocked"}] 
[debug] [2020-05-02T05:00:42.772Z] [runtime-status] [7976] Checked functions.config() {"config":{}} 
[debug] [2020-05-02T05:00:42.773Z] [runtime-status] [7976] Resolved module firebase-functions {"declared":true,"installed":true,"version":"3.6.1","resolution":"C:\\Users\\David\\Desktop\\Coding\\Work\\cs-surf-secrets\\functions\\node_modules\\firebase-functions\\lib\\index.js"} 
[debug] [2020-05-02T05:00:42.776Z] [runtime-status] [7976] Resolved module firebase-admin {"declared":true,"installed":true,"version":"8.11.0","resolution":"C:\\Users\\David\\Desktop\\Coding\\Work\\cs-surf-secrets\\functions\\node_modules\\firebase-admin\\lib\\index.js"} 
[debug] [2020-05-02T05:00:42.776Z] [runtime-status] [7976] Resolved module firebase-functions {"declared":true,"installed":true,"version":"3.6.1","resolution":"C:\\Users\\David\\Desktop\\Coding\\Work\\cs-surf-secrets\\functions\\node_modules\\firebase-functions\\lib\\index.js"} 
[debug] [2020-05-02T05:00:42.776Z] [runtime-status] [7976] firebase-admin has been stubbed. {"adminResolution":{"declared":true,"installed":true,"version":"8.11.0","resolution":"C:\\Users\\David\\Desktop\\Coding\\Work\\cs-surf-secrets\\functions\\node_modules\\firebase-admin\\lib\\index.js"}} 
[debug] [2020-05-02T05:00:42.897Z] [runtime-status] [7976] initializeApp(DEFAULT) {"databaseURL":"https://cs-surf-secrets.firebaseio.com","storageBucket":"cs-surf-secrets.appspot.com","projectId":"cs-surf-secrets"} 
[warn] !  functions: The Cloud Firestore emulator is not running, so calls to Firestore will affect production.
[debug] [2020-05-02T05:00:43.419Z] [runtime-status] [7976] Trigger "api" has been found, beginning invocation! 
[info] i  functions: Beginning execution of "api"
[debug] [2020-05-02T05:00:43.420Z] [runtime-status] [7976] triggerDefinition {"regions":["europe-west1"],"httpsTrigger":{},"name":"api","entryPoint":"api"} 
[debug] [2020-05-02T05:00:43.421Z] [runtime-status] [7976] Running api in mode HTTPS 
[debug] [2020-05-02T05:00:43.424Z] [runtime-status] [7976] Attempting to listen to socketPath: \\?\pipe\C:\Users\David\Desktop\Coding\Work\cs-surf-secrets\functions\7976 
[debug] [2020-05-02T05:00:43.431Z] [functions] Runtime ready! Sending request! 
[debug] [2020-05-02T05:00:43.474Z] [runtime-status] [7976] Ephemeral server handling GET request 
[debug] [2020-05-02T05:00:43.483Z] [runtime-status] [7976] Ephemeral server survived. 
[info] i  functions: Finished "api" in ~1s
[debug] [2020-05-02T05:00:43.485Z] [worker-api-153ca555-9b9a-4f3c-8cea-d666afa2f993]: IDLE 
[debug] [2020-05-02T05:00:43.485Z] [work-queue] {"queueLength":0,"workRunningCount":0}
[debug] [2020-05-02T05:01:18.938Z] [work-queue] {"queueLength":1,"workRunningCount":0}
[debug] [2020-05-02T05:01:18.938Z] [work-queue] {"queueLength":0,"workRunningCount":1}
[debug] [2020-05-02T05:01:18.939Z] Accepted request POST /cs-surf-secrets/us-central1/api/login --> api
[debug] [2020-05-02T05:01:18.939Z] [worker-pool] submitWork(triggerId=api) 
[debug] [2020-05-02T05:01:18.939Z] [worker-api-153ca555-9b9a-4f3c-8cea-d666afa2f993]: Assigning socketPath: \\?\pipe\C:\Users\David\Desktop\Coding\Work\cs-surf-secrets\functions\7976 
[debug] [2020-05-02T05:01:18.940Z] [worker-api-153ca555-9b9a-4f3c-8cea-d666afa2f993]: BUSY 
[debug] [2020-05-02T05:01:18.940Z] [runtime-status] [7976] Trigger "api" has been found, beginning invocation! 
[info] i  functions: Beginning execution of "api"
[debug] [2020-05-02T05:01:18.942Z] [runtime-status] [7976] triggerDefinition {"regions":["europe-west1"],"httpsTrigger":{},"name":"api","entryPoint":"api"} 
[debug] [2020-05-02T05:01:18.942Z] [runtime-status] [7976] Running api in mode HTTPS 
[debug] [2020-05-02T05:01:18.942Z] [runtime-status] [7976] Attempting to listen to socketPath: \\?\pipe\C:\Users\David\Desktop\Coding\Work\cs-surf-secrets\functions\7976 
[debug] [2020-05-02T05:01:18.943Z] [functions] Runtime ready! Sending request! 
[debug] [2020-05-02T05:01:18.948Z] [runtime-status] [7976] Ephemeral server handling POST request 
[debug] [2020-05-02T05:01:18.978Z] [runtime-status] [7976] Ephemeral server survived. 
[info] i  functions: Finished "api" in ~1s
[debug] [2020-05-02T05:01:20.078Z] [worker-api-153ca555-9b9a-4f3c-8cea-d666afa2f993]: IDLE 
[debug] [2020-05-02T05:01:20.079Z] [work-queue] {"queueLength":0,"workRunningCount":0}
[debug] [2020-05-02T05:01:38.631Z] [work-queue] {"queueLength":1,"workRunningCount":0}
[debug] [2020-05-02T05:01:38.631Z] [work-queue] {"queueLength":0,"workRunningCount":1}
[debug] [2020-05-02T05:01:38.631Z] Accepted request POST /cs-surf-secrets/us-central1/api/login --> api
[debug] [2020-05-02T05:01:38.632Z] [worker-pool] submitWork(triggerId=api) 
[debug] [2020-05-02T05:01:38.632Z] [worker-api-153ca555-9b9a-4f3c-8cea-d666afa2f993]: Assigning socketPath: \\?\pipe\C:\Users\David\Desktop\Coding\Work\cs-surf-secrets\functions\7976 
[debug] [2020-05-02T05:01:38.632Z] [worker-api-153ca555-9b9a-4f3c-8cea-d666afa2f993]: BUSY 
[debug] [2020-05-02T05:01:38.633Z] [runtime-status] [7976] Trigger "api" has been found, beginning invocation! 
[info] i  functions: Beginning execution of "api"
[debug] [2020-05-02T05:01:38.636Z] [runtime-status] [7976] triggerDefinition {"regions":["europe-west1"],"httpsTrigger":{},"name":"api","entryPoint":"api"} 
[debug] [2020-05-02T05:01:38.636Z] [runtime-status] [7976] Running api in mode HTTPS 
[debug] [2020-05-02T05:01:38.636Z] [runtime-status] [7976] Attempting to listen to socketPath: \\?\pipe\C:\Users\David\Desktop\Coding\Work\cs-surf-secrets\functions\7976 
[debug] [2020-05-02T05:01:38.637Z] [functions] Runtime ready! Sending request! 
[debug] [2020-05-02T05:01:38.645Z] [runtime-status] [7976] Ephemeral server handling POST request 
[debug] [2020-05-02T05:01:38.647Z] [runtime-status] [7976] Ephemeral server survived. 
[info] i  functions: Finished "api" in ~1s
[debug] [2020-05-02T05:01:38.673Z] [worker-api-153ca555-9b9a-4f3c-8cea-d666afa2f993]: IDLE 
[debug] [2020-05-02T05:01:38.674Z] [work-queue] {"queueLength":0,"workRunningCount":0}
[debug] [2020-05-02T05:01:48.572Z] [work-queue] {"queueLength":1,"workRunningCount":0}
[debug] [2020-05-02T05:01:48.572Z] [work-queue] {"queueLength":0,"workRunningCount":1}
[debug] [2020-05-02T05:01:48.572Z] Accepted request POST /cs-surf-secrets/us-central1/api/login --> api
[debug] [2020-05-02T05:01:48.572Z] [worker-pool] submitWork(triggerId=api) 
[debug] [2020-05-02T05:01:48.572Z] [worker-api-153ca555-9b9a-4f3c-8cea-d666afa2f993]: Assigning socketPath: \\?\pipe\C:\Users\David\Desktop\Coding\Work\cs-surf-secrets\functions\7976 
[debug] [2020-05-02T05:01:48.573Z] [worker-api-153ca555-9b9a-4f3c-8cea-d666afa2f993]: BUSY 
[debug] [2020-05-02T05:01:48.573Z] [runtime-status] [7976] Trigger "api" has been found, beginning invocation! 
[info] i  functions: Beginning execution of "api"
[debug] [2020-05-02T05:01:48.575Z] [runtime-status] [7976] triggerDefinition {"regions":["europe-west1"],"httpsTrigger":{},"name":"api","entryPoint":"api"} 
[debug] [2020-05-02T05:01:48.575Z] [runtime-status] [7976] Running api in mode HTTPS 
[debug] [2020-05-02T05:01:48.576Z] [runtime-status] [7976] Attempting to listen to socketPath: \\?\pipe\C:\Users\David\Desktop\Coding\Work\cs-surf-secrets\functions\7976 
[debug] [2020-05-02T05:01:48.577Z] [functions] Runtime ready! Sending request! 
[debug] [2020-05-02T05:01:48.581Z] [runtime-status] [7976] Ephemeral server handling POST request 
[debug] [2020-05-02T05:01:48.583Z] [runtime-status] [7976] Ephemeral server survived. 
[info] >  [u [Error]: The password is invalid or the user does not have a password.] { {"user":"[u [Error]: The password is invalid or the user does not have a password.] {"}
[info] >    code: 'auth/wrong-password', {"user":"  code: 'auth/wrong-password',"}
[info] >    message: 'The password is invalid or the user does not have a password.', {"user":"  message: 'The password is invalid or the user does not have a password.',"}
[info] >    a: null {"user":"  a: null"}
[info] >  } {"user":"}"}
[info] i  functions: Finished "api" in ~1s
[debug] [2020-05-02T05:01:49.067Z] [worker-api-153ca555-9b9a-4f3c-8cea-d666afa2f993]: IDLE 
[debug] [2020-05-02T05:01:49.067Z] [work-queue] {"queueLength":0,"workRunningCount":0}
[debug] [2020-05-02T05:03:11.035Z] File C:\Users\David\Desktop\Coding\Work\cs-surf-secrets\functions\index.js changed, reloading triggers 
[debug] [2020-05-02T05:03:12.036Z] [worker-pool] Shutting down IDLE worker (~diagnostic~) 
[debug] [2020-05-02T05:03:12.036Z] [worker-~diagnostic~-8b0f9d7d-e327-4ffc-a7d7-e10b141b950e]: FINISHING 
[debug] [2020-05-02T05:03:12.036Z] [worker-pool] Shutting down IDLE worker (api) 
[debug] [2020-05-02T05:03:12.036Z] [worker-api-153ca555-9b9a-4f3c-8cea-d666afa2f993]: FINISHING 
[debug] [2020-05-02T05:03:12.040Z] [worker-pool] addWorker(~diagnostic~) 
[debug] [2020-05-02T05:03:12.040Z] [worker-pool] Adding worker with key ~diagnostic~, total=2 
[debug] [2020-05-02T05:03:12.040Z] [worker-pool] submitWork(triggerId=) 
[debug] [2020-05-02T05:03:12.040Z] [worker-~diagnostic~-fc5139d9-89a2-48f3-8f61-79d1f5dbbd11]: Assigning socketPath: \\?\pipe\C:\Users\David\Desktop\Coding\Work\cs-surf-secrets\functions\13848 
[debug] [2020-05-02T05:03:12.041Z] [worker-~diagnostic~-fc5139d9-89a2-48f3-8f61-79d1f5dbbd11]: BUSY 
[debug] [2020-05-02T05:03:12.046Z] [worker-~diagnostic~-8b0f9d7d-e327-4ffc-a7d7-e10b141b950e]: exited 
[debug] [2020-05-02T05:03:12.046Z] [worker-~diagnostic~-8b0f9d7d-e327-4ffc-a7d7-e10b141b950e]: FINISHED 
[debug] [2020-05-02T05:03:12.047Z] [worker-api-153ca555-9b9a-4f3c-8cea-d666afa2f993]: exited 
[debug] [2020-05-02T05:03:12.047Z] [worker-api-153ca555-9b9a-4f3c-8cea-d666afa2f993]: FINISHED 
[debug] [2020-05-02T05:03:12.519Z] [runtime-status] [13848] Functions runtime initialized. {"cwd":"C:\\Users\\David\\Desktop\\Coding\\Work\\cs-surf-secrets\\functions","node_version":"12.16.1"} 
[debug] [2020-05-02T05:03:12.526Z] [runtime-status] [13848] Disabled runtime features: undefined 
[debug] [2020-05-02T05:03:12.541Z] [runtime-status] [13848] Resolved module firebase-admin {"declared":true,"installed":true,"version":"8.11.0","resolution":"C:\\Users\\David\\Desktop\\Coding\\Work\\cs-surf-secrets\\functions\\node_modules\\firebase-admin\\lib\\index.js"} 
[debug] [2020-05-02T05:03:12.544Z] [runtime-status] [13848] Resolved module firebase-functions {"declared":true,"installed":true,"version":"3.6.1","resolution":"C:\\Users\\David\\Desktop\\Coding\\Work\\cs-surf-secrets\\functions\\node_modules\\firebase-functions\\lib\\index.js"} 
[debug] [2020-05-02T05:03:12.550Z] [runtime-status] [13848] Outgoing network have been stubbed. [{"name":"http","status":"mocked"},{"name":"http","status":"mocked"},{"name":"https","status":"mocked"},{"name":"https","status":"mocked"},{"name":"net","status":"mocked"}] 
[debug] [2020-05-02T05:03:12.660Z] [runtime-status] [13848] Checked functions.config() {"config":{}} 
[debug] [2020-05-02T05:03:12.662Z] [runtime-status] [13848] Resolved module firebase-functions {"declared":true,"installed":true,"version":"3.6.1","resolution":"C:\\Users\\David\\Desktop\\Coding\\Work\\cs-surf-secrets\\functions\\node_modules\\firebase-functions\\lib\\index.js"} 
[debug] [2020-05-02T05:03:12.664Z] [runtime-status] [13848] Resolved module firebase-admin {"declared":true,"installed":true,"version":"8.11.0","resolution":"C:\\Users\\David\\Desktop\\Coding\\Work\\cs-surf-secrets\\functions\\node_modules\\firebase-admin\\lib\\index.js"} 
[debug] [2020-05-02T05:03:12.667Z] [runtime-status] [13848] Resolved module firebase-functions {"declared":true,"installed":true,"version":"3.6.1","resolution":"C:\\Users\\David\\Desktop\\Coding\\Work\\cs-surf-secrets\\functions\\node_modules\\firebase-functions\\lib\\index.js"} 
[debug] [2020-05-02T05:03:12.669Z] [runtime-status] [13848] firebase-admin has been stubbed. {"adminResolution":{"declared":true,"installed":true,"version":"8.11.0","resolution":"C:\\Users\\David\\Desktop\\Coding\\Work\\cs-surf-secrets\\functions\\node_modules\\firebase-admin\\lib\\index.js"}} 
[debug] [2020-05-02T05:03:12.856Z] [runtime-status] [13848] initializeApp(DEFAULT) {"databaseURL":"https://cs-surf-secrets.firebaseio.com","storageBucket":"cs-surf-secrets.appspot.com","projectId":"cs-surf-secrets"} 
[warn] !  functions: The Cloud Firestore emulator is not running, so calls to Firestore will affect production.
[debug] [2020-05-02T05:03:13.312Z] [worker-~diagnostic~-fc5139d9-89a2-48f3-8f61-79d1f5dbbd11]: IDLE 
[debug] [2020-05-02T05:03:19.930Z] [work-queue] {"queueLength":1,"workRunningCount":0}
[debug] [2020-05-02T05:03:19.930Z] [work-queue] {"queueLength":0,"workRunningCount":1}
[debug] [2020-05-02T05:03:19.930Z] Accepted request POST /cs-surf-secrets/us-central1/api/login --> api
[debug] [2020-05-02T05:03:19.930Z] [worker-pool] Cleaned up workers for ~diagnostic~: 2 --> 1 
[debug] [2020-05-02T05:03:19.930Z] [worker-pool] Cleaned up workers for api: 1 --> 0 
[debug] [2020-05-02T05:03:19.933Z] [worker-pool] addWorker(api) 
[debug] [2020-05-02T05:03:19.934Z] [worker-pool] Adding worker with key api, total=1 
[debug] [2020-05-02T05:03:19.934Z] [worker-pool] submitWork(triggerId=api) 
[debug] [2020-05-02T05:03:19.934Z] [worker-api-5effb27a-59a7-4301-aa10-1cf1fe36c644]: Assigning socketPath: \\?\pipe\C:\Users\David\Desktop\Coding\Work\cs-surf-secrets\functions\10504 
[debug] [2020-05-02T05:03:19.934Z] [worker-api-5effb27a-59a7-4301-aa10-1cf1fe36c644]: BUSY 
[debug] [2020-05-02T05:03:20.341Z] [runtime-status] [10504] Functions runtime initialized. {"cwd":"C:\\Users\\David\\Desktop\\Coding\\Work\\cs-surf-secrets\\functions","node_version":"12.16.1"} 
[debug] [2020-05-02T05:03:20.342Z] [runtime-status] [10504] Disabled runtime features: undefined 
[debug] [2020-05-02T05:03:20.350Z] [runtime-status] [10504] Resolved module firebase-admin {"declared":true,"installed":true,"version":"8.11.0","resolution":"C:\\Users\\David\\Desktop\\Coding\\Work\\cs-surf-secrets\\functions\\node_modules\\firebase-admin\\lib\\index.js"} 
[debug] [2020-05-02T05:03:20.351Z] [runtime-status] [10504] Resolved module firebase-functions {"declared":true,"installed":true,"version":"3.6.1","resolution":"C:\\Users\\David\\Desktop\\Coding\\Work\\cs-surf-secrets\\functions\\node_modules\\firebase-functions\\lib\\index.js"} 
[debug] [2020-05-02T05:03:20.355Z] [runtime-status] [10504] Outgoing network have been stubbed. [{"name":"http","status":"mocked"},{"name":"http","status":"mocked"},{"name":"https","status":"mocked"},{"name":"https","status":"mocked"},{"name":"net","status":"mocked"}] 
[debug] [2020-05-02T05:03:20.398Z] [runtime-status] [10504] Checked functions.config() {"config":{}} 
[debug] [2020-05-02T05:03:20.399Z] [runtime-status] [10504] Resolved module firebase-functions {"declared":true,"installed":true,"version":"3.6.1","resolution":"C:\\Users\\David\\Desktop\\Coding\\Work\\cs-surf-secrets\\functions\\node_modules\\firebase-functions\\lib\\index.js"} 
[debug] [2020-05-02T05:03:20.402Z] [runtime-status] [10504] Resolved module firebase-admin {"declared":true,"installed":true,"version":"8.11.0","resolution":"C:\\Users\\David\\Desktop\\Coding\\Work\\cs-surf-secrets\\functions\\node_modules\\firebase-admin\\lib\\index.js"} 
[debug] [2020-05-02T05:03:20.402Z] [runtime-status] [10504] Resolved module firebase-functions {"declared":true,"installed":true,"version":"3.6.1","resolution":"C:\\Users\\David\\Desktop\\Coding\\Work\\cs-surf-secrets\\functions\\node_modules\\firebase-functions\\lib\\index.js"} 
[debug] [2020-05-02T05:03:20.403Z] [runtime-status] [10504] firebase-admin has been stubbed. {"adminResolution":{"declared":true,"installed":true,"version":"8.11.0","resolution":"C:\\Users\\David\\Desktop\\Coding\\Work\\cs-surf-secrets\\functions\\node_modules\\firebase-admin\\lib\\index.js"}} 
[debug] [2020-05-02T05:03:20.526Z] [runtime-status] [10504] initializeApp(DEFAULT) {"databaseURL":"https://cs-surf-secrets.firebaseio.com","storageBucket":"cs-surf-secrets.appspot.com","projectId":"cs-surf-secrets"} 
[warn] !  functions: The Cloud Firestore emulator is not running, so calls to Firestore will affect production.
[debug] [2020-05-02T05:03:21.050Z] [runtime-status] [10504] Trigger "api" has been found, beginning invocation! 
[info] i  functions: Beginning execution of "api"
[debug] [2020-05-02T05:03:21.053Z] [runtime-status] [10504] triggerDefinition {"regions":["europe-west1"],"httpsTrigger":{},"name":"api","entryPoint":"api"} 
[debug] [2020-05-02T05:03:21.053Z] [runtime-status] [10504] Running api in mode HTTPS 
[debug] [2020-05-02T05:03:21.054Z] [runtime-status] [10504] Attempting to listen to socketPath: \\?\pipe\C:\Users\David\Desktop\Coding\Work\cs-surf-secrets\functions\10504 
[debug] [2020-05-02T05:03:21.057Z] [functions] Runtime ready! Sending request! 
[debug] [2020-05-02T05:03:21.092Z] [runtime-status] [10504] Ephemeral server handling POST request 
[debug] [2020-05-02T05:03:21.118Z] [runtime-status] [10504] Ephemeral server survived. 
[info] >  [u [Error]: The password is invalid or the user does not have a password.] { {"user":"[u [Error]: The password is invalid or the user does not have a password.] {"}
[info] >    code: 'auth/wrong-password', {"user":"  code: 'auth/wrong-password',"}
[info] >    message: 'The password is invalid or the user does not have a password.', {"user":"  message: 'The password is invalid or the user does not have a password.',"}
[info] >    a: null {"user":"  a: null"}
[info] >  } {"user":"}"}
[info] i  functions: Finished "api" in ~1s
[debug] [2020-05-02T05:03:21.589Z] [worker-api-5effb27a-59a7-4301-aa10-1cf1fe36c644]: IDLE 
[debug] [2020-05-02T05:03:21.589Z] [work-queue] {"queueLength":0,"workRunningCount":0}
